app/build/intermediates/manifest_merge_blame_file/debug/manifest-merger-blame-debug-report.txt
1<?xml version="1.0" encoding="utf-8"?>
2<manifest xmlns:android="http://schemas.android.com/apk/res/android"
3    package="com.example.char4you_android"
4    android:versionCode="1"
5    android:versionName="1.0" >
6
7    <uses-sdk
8        android:minSdkVersion="21"
8-->src\main\AndroidManifest.xml
9        android:targetSdkVersion="32" />
9-->src\main\AndroidManifest.xml
10
11    <uses-permission android:name="android.permission.INTERNET" />
11-->src\main\AndroidManifest.xml:6:5-67
11-->src\main\AndroidManifest.xml:6:22-64
12    <uses-permission android:name="android.permission.ACCESS_NETWORK_STATE" />
12-->[com.google.android.gms:play-services-measurement-api:17.2.1] AndroidManifest.xml:23:5-79
12-->[com.google.android.gms:play-services-measurement-api:17.2.1] AndroidManifest.xml:23:22-76
13    <uses-permission android:name="android.permission.WAKE_LOCK" /> <!-- Required by older versions of Google Play services to create IID tokens -->
13-->[com.google.android.gms:play-services-measurement-api:17.2.1] AndroidManifest.xml:24:5-68
13-->[com.google.android.gms:play-services-measurement-api:17.2.1] AndroidManifest.xml:24:22-65
14    <uses-permission android:name="com.google.android.c2dm.permission.RECEIVE" />
14-->[com.google.firebase:firebase-iid:20.0.0] AndroidManifest.xml:26:5-82
14-->[com.google.firebase:firebase-iid:20.0.0] AndroidManifest.xml:26:22-79
15    <uses-permission android:name="com.google.android.finsky.permission.BIND_GET_INSTALL_REFERRER_SERVICE" />
15-->[com.google.android.gms:play-services-measurement:17.2.1] AndroidManifest.xml:26:5-110
15-->[com.google.android.gms:play-services-measurement:17.2.1] AndroidManifest.xml:26:22-107
16
17    <application
17-->src\main\AndroidManifest.xml:8:5-67:19
18        android:allowBackup="true"
18-->src\main\AndroidManifest.xml:9:9-35
19        android:appComponentFactory="androidx.core.app.CoreComponentFactory"
19-->[androidx.core:core:1.7.0] AndroidManifest.xml:24:18-86
20        android:dataExtractionRules="@xml/data_extraction_rules"
20-->src\main\AndroidManifest.xml:10:9-65
21        android:debuggable="true"
22        android:fullBackupContent="@xml/backup_rules"
22-->src\main\AndroidManifest.xml:11:9-54
23        android:icon="@mipmap/ic_monkey"
23-->src\main\AndroidManifest.xml:12:9-41
24        android:label="@string/app_name"
24-->src\main\AndroidManifest.xml:13:9-41
25        android:roundIcon="@mipmap/ic_monkey_round"
25-->src\main\AndroidManifest.xml:14:9-52
26        android:supportsRtl="true"
26-->src\main\AndroidManifest.xml:15:9-35
27        android:testOnly="true"
28        android:theme="@style/Theme.Char4You_Android"
28-->src\main\AndroidManifest.xml:16:9-54
29        android:usesCleartextTraffic="true" >
29-->src\main\AndroidManifest.xml:17:9-44
30        <service
30-->src\main\AndroidManifest.xml:19:9-26:19
31            android:name="com.example.char4you_android.ChatService"
31-->src\main\AndroidManifest.xml:20:13-40
32            android:enabled="true"
32-->src\main\AndroidManifest.xml:21:13-35
33            android:exported="true" >
33-->src\main\AndroidManifest.xml:22:13-36
34            <intent-filter>
34-->src\main\AndroidManifest.xml:23:13-25:29
35                <action android:name="com.google.firebase.MESSAGING_EVENT" />
35-->src\main\AndroidManifest.xml:24:17-78
35-->src\main\AndroidManifest.xml:24:25-75
36            </intent-filter>
37        </service>
38
39        <activity
39-->src\main\AndroidManifest.xml:28:9-30:39
40            android:name="com.example.char4you_android.SingleChatActivity"
40-->src\main\AndroidManifest.xml:29:13-47
41            android:exported="true" />
41-->src\main\AndroidManifest.xml:30:13-36
42        <activity
42-->src\main\AndroidManifest.xml:31:9-39:20
43            android:name="com.example.char4you_android.ChatScreenActivity"
43-->src\main\AndroidManifest.xml:32:13-47
44            android:exported="true" >
44-->src\main\AndroidManifest.xml:33:13-36
45            <intent-filter>
45-->src\main\AndroidManifest.xml:34:13-38:29
46                <action android:name="android.intent.action.RUN" />
46-->src\main\AndroidManifest.xml:35:17-68
46-->src\main\AndroidManifest.xml:35:25-65
47
48                <category android:name="android.intent.category.LAUNCHER" />
48-->src\main\AndroidManifest.xml:37:17-77
48-->src\main\AndroidManifest.xml:37:27-74
49            </intent-filter>
50        </activity>
51        <activity
51-->src\main\AndroidManifest.xml:40:9-49:20
52            android:name="com.example.char4you_android.SettingActivity"
52-->src\main\AndroidManifest.xml:41:13-44
53            android:exported="true"
53-->src\main\AndroidManifest.xml:42:13-36
54            android:label="Chat4You" >
54-->src\main\AndroidManifest.xml:43:13-37
55            <intent-filter>
55-->src\main\AndroidManifest.xml:34:13-38:29
56                <action android:name="android.intent.action.RUN" />
56-->src\main\AndroidManifest.xml:35:17-68
56-->src\main\AndroidManifest.xml:35:25-65
57
58                <category android:name="android.intent.category.LAUNCHER" />
58-->src\main\AndroidManifest.xml:37:17-77
58-->src\main\AndroidManifest.xml:37:27-74
59            </intent-filter>
60        </activity>
61        <activity
61-->src\main\AndroidManifest.xml:50:9-52:39
62            android:name="com.example.char4you_android.RegisterActivity"
62-->src\main\AndroidManifest.xml:51:13-45
63            android:exported="true" />
63-->src\main\AndroidManifest.xml:52:13-36
64        <activity
64-->src\main\AndroidManifest.xml:53:9-62:20
65            android:name="com.example.char4you_android.LoginActivity"
65-->src\main\AndroidManifest.xml:54:13-42
66            android:exported="true"
66-->src\main\AndroidManifest.xml:55:13-36
67            android:label="Chat4You" >
67-->src\main\AndroidManifest.xml:56:13-37
68            <intent-filter>
68-->src\main\AndroidManifest.xml:57:13-61:29
69                <action android:name="android.intent.action.MAIN" />
69-->src\main\AndroidManifest.xml:58:17-69
69-->src\main\AndroidManifest.xml:58:25-66
70
71                <category android:name="android.intent.category.LAUNCHER" />
71-->src\main\AndroidManifest.xml:37:17-77
71-->src\main\AndroidManifest.xml:37:27-74
72            </intent-filter>
73        </activity>
74        <activity
74-->src\main\AndroidManifest.xml:63:9-66:40
75            android:name="com.example.char4you_android.AddContactActivity"
75-->src\main\AndroidManifest.xml:64:13-47
76            android:exported="true"
76-->src\main\AndroidManifest.xml:65:13-36
77            android:label="Chat4You" />
77-->src\main\AndroidManifest.xml:66:13-37
78
79        <service
79-->[androidx.room:room-runtime:2.4.2] AndroidManifest.xml:25:9-28:40
80            android:name="androidx.room.MultiInstanceInvalidationService"
80-->[androidx.room:room-runtime:2.4.2] AndroidManifest.xml:26:13-74
81            android:directBootAware="true"
81-->[androidx.room:room-runtime:2.4.2] AndroidManifest.xml:27:13-43
82            android:exported="false" />
82-->[androidx.room:room-runtime:2.4.2] AndroidManifest.xml:28:13-37
83        <!--
84             FirebaseMessagingService performs security checks at runtime,
85             but set to not exported to explicitly avoid allowing another app to call it.
86        -->
87        <service
87-->[com.google.firebase:firebase-messaging:20.0.0] AndroidManifest.xml:28:9-34:19
88            android:name="com.google.firebase.messaging.FirebaseMessagingService"
88-->[com.google.firebase:firebase-messaging:20.0.0] AndroidManifest.xml:29:13-82
89            android:exported="false" >
89-->[com.google.firebase:firebase-messaging:20.0.0] AndroidManifest.xml:30:13-37
90            <intent-filter android:priority="-500" >
90-->src\main\AndroidManifest.xml:23:13-25:29
91                <action android:name="com.google.firebase.MESSAGING_EVENT" />
91-->src\main\AndroidManifest.xml:24:17-78
91-->src\main\AndroidManifest.xml:24:25-75
92            </intent-filter>
93        </service>
94        <service
94-->[com.google.android.gms:play-services-measurement-api:17.2.1] AndroidManifest.xml:27:9-33:19
95            android:name="com.google.firebase.components.ComponentDiscoveryService"
95-->[com.google.android.gms:play-services-measurement-api:17.2.1] AndroidManifest.xml:28:13-84
96            android:exported="false" >
96-->[com.google.android.gms:play-services-measurement-api:17.2.1] AndroidManifest.xml:29:13-37
97            <meta-data
97-->[com.google.android.gms:play-services-measurement-api:17.2.1] AndroidManifest.xml:30:13-32:85
98                android:name="com.google.firebase.components:com.google.firebase.analytics.connector.internal.AnalyticsConnectorRegistrar"
98-->[com.google.android.gms:play-services-measurement-api:17.2.1] AndroidManifest.xml:31:17-139
99                android:value="com.google.firebase.components.ComponentRegistrar" />
99-->[com.google.android.gms:play-services-measurement-api:17.2.1] AndroidManifest.xml:32:17-82
100            <meta-data
100-->[com.google.firebase:firebase-iid:20.0.0] AndroidManifest.xml:32:13-34:85
101                android:name="com.google.firebase.components:com.google.firebase.iid.Registrar"
101-->[com.google.firebase:firebase-iid:20.0.0] AndroidManifest.xml:33:17-96
102                android:value="com.google.firebase.components.ComponentRegistrar" />
102-->[com.google.firebase:firebase-iid:20.0.0] AndroidManifest.xml:34:17-82
103        </service>
104
105        <receiver
105-->[com.google.firebase:firebase-iid:20.0.0] AndroidManifest.xml:37:9-44:20
106            android:name="com.google.firebase.iid.FirebaseInstanceIdReceiver"
106-->[com.google.firebase:firebase-iid:20.0.0] AndroidManifest.xml:38:13-78
107            android:exported="true"
107-->[com.google.firebase:firebase-iid:20.0.0] AndroidManifest.xml:39:13-36
108            android:permission="com.google.android.c2dm.permission.SEND" >
108-->[com.google.firebase:firebase-iid:20.0.0] AndroidManifest.xml:40:13-73
109            <intent-filter>
109-->[com.google.firebase:firebase-iid:20.0.0] AndroidManifest.xml:41:13-43:29
110                <action android:name="com.google.android.c2dm.intent.RECEIVE" />
110-->[com.google.firebase:firebase-iid:20.0.0] AndroidManifest.xml:42:17-81
110-->[com.google.firebase:firebase-iid:20.0.0] AndroidManifest.xml:42:25-78
111            </intent-filter>
112        </receiver>
113
114        <provider
114-->[com.google.firebase:firebase-common:19.0.0] AndroidManifest.xml:12:9-16:39
115            android:name="com.google.firebase.provider.FirebaseInitProvider"
115-->[com.google.firebase:firebase-common:19.0.0] AndroidManifest.xml:13:13-77
116            android:authorities="com.example.char4you_android.firebaseinitprovider"
116-->[com.google.firebase:firebase-common:19.0.0] AndroidManifest.xml:14:13-72
117            android:exported="false"
117-->[com.google.firebase:firebase-common:19.0.0] AndroidManifest.xml:15:13-37
118            android:initOrder="100" />
118-->[com.google.firebase:firebase-common:19.0.0] AndroidManifest.xml:16:13-36
119
120        <activity
120-->[com.google.android.gms:play-services-base:17.0.0] AndroidManifest.xml:23:9-26:75
121            android:name="com.google.android.gms.common.api.GoogleApiActivity"
121-->[com.google.android.gms:play-services-base:17.0.0] AndroidManifest.xml:24:13-79
122            android:exported="false"
122-->[com.google.android.gms:play-services-base:17.0.0] AndroidManifest.xml:25:13-37
123            android:theme="@android:style/Theme.Translucent.NoTitleBar" />
123-->[com.google.android.gms:play-services-base:17.0.0] AndroidManifest.xml:26:13-72
124
125        <receiver
125-->[com.google.android.gms:play-services-measurement:17.2.1] AndroidManifest.xml:29:9-33:20
126            android:name="com.google.android.gms.measurement.AppMeasurementReceiver"
126-->[com.google.android.gms:play-services-measurement:17.2.1] AndroidManifest.xml:30:13-85
127            android:enabled="true"
127-->[com.google.android.gms:play-services-measurement:17.2.1] AndroidManifest.xml:31:13-35
128            android:exported="false" >
128-->[com.google.android.gms:play-services-measurement:17.2.1] AndroidManifest.xml:32:13-37
129        </receiver>
130        <receiver
130-->[com.google.android.gms:play-services-measurement:17.2.1] AndroidManifest.xml:34:9-42:20
131            android:name="com.google.android.gms.measurement.AppMeasurementInstallReferrerReceiver"
131-->[com.google.android.gms:play-services-measurement:17.2.1] AndroidManifest.xml:35:13-100
132            android:enabled="true"
132-->[com.google.android.gms:play-services-measurement:17.2.1] AndroidManifest.xml:36:13-35
133            android:exported="true"
133-->[com.google.android.gms:play-services-measurement:17.2.1] AndroidManifest.xml:37:13-36
134            android:permission="android.permission.INSTALL_PACKAGES" >
134-->[com.google.android.gms:play-services-measurement:17.2.1] AndroidManifest.xml:38:13-69
135            <intent-filter>
135-->[com.google.android.gms:play-services-measurement:17.2.1] AndroidManifest.xml:39:13-41:29
136                <action android:name="com.android.vending.INSTALL_REFERRER" />
136-->[com.google.android.gms:play-services-measurement:17.2.1] AndroidManifest.xml:40:17-79
136-->[com.google.android.gms:play-services-measurement:17.2.1] AndroidManifest.xml:40:25-76
137            </intent-filter>
138        </receiver>
139
140        <service
140-->[com.google.android.gms:play-services-measurement:17.2.1] AndroidManifest.xml:44:9-47:40
141            android:name="com.google.android.gms.measurement.AppMeasurementService"
141-->[com.google.android.gms:play-services-measurement:17.2.1] AndroidManifest.xml:45:13-84
142            android:enabled="true"
142-->[com.google.android.gms:play-services-measurement:17.2.1] AndroidManifest.xml:46:13-35
143            android:exported="false" />
143-->[com.google.android.gms:play-services-measurement:17.2.1] AndroidManifest.xml:47:13-37
144        <service
144-->[com.google.android.gms:play-services-measurement:17.2.1] AndroidManifest.xml:48:9-52:72
145            android:name="com.google.android.gms.measurement.AppMeasurementJobService"
145-->[com.google.android.gms:play-services-measurement:17.2.1] AndroidManifest.xml:49:13-87
146            android:enabled="true"
146-->[com.google.android.gms:play-services-measurement:17.2.1] AndroidManifest.xml:50:13-35
147            android:exported="false"
147-->[com.google.android.gms:play-services-measurement:17.2.1] AndroidManifest.xml:51:13-37
148            android:permission="android.permission.BIND_JOB_SERVICE" />
148-->[com.google.android.gms:play-services-measurement:17.2.1] AndroidManifest.xml:52:13-69
149
150        <meta-data
150-->[com.google.android.gms:play-services-basement:17.0.0] AndroidManifest.xml:23:9-25:69
151            android:name="com.google.android.gms.version"
151-->[com.google.android.gms:play-services-basement:17.0.0] AndroidManifest.xml:24:13-58
152            android:value="@integer/google_play_services_version" />
152-->[com.google.android.gms:play-services-basement:17.0.0] AndroidManifest.xml:25:13-66
153
154        <provider
154-->[androidx.emoji2:emoji2:1.0.0] AndroidManifest.xml:26:9-34:20
155            android:name="androidx.startup.InitializationProvider"
155-->[androidx.emoji2:emoji2:1.0.0] AndroidManifest.xml:27:13-67
156            android:authorities="com.example.char4you_android.androidx-startup"
156-->[androidx.emoji2:emoji2:1.0.0] AndroidManifest.xml:28:13-68
157            android:exported="false" >
157-->[androidx.emoji2:emoji2:1.0.0] AndroidManifest.xml:29:13-37
158            <meta-data
158-->[androidx.emoji2:emoji2:1.0.0] AndroidManifest.xml:31:13-33:52
159                android:name="androidx.emoji2.text.EmojiCompatInitializer"
159-->[androidx.emoji2:emoji2:1.0.0] AndroidManifest.xml:32:17-75
160                android:value="androidx.startup" />
160-->[androidx.emoji2:emoji2:1.0.0] AndroidManifest.xml:33:17-49
161            <meta-data
161-->[androidx.lifecycle:lifecycle-process:2.4.0] AndroidManifest.xml:31:13-33:52
162                android:name="androidx.lifecycle.ProcessLifecycleInitializer"
162-->[androidx.lifecycle:lifecycle-process:2.4.0] AndroidManifest.xml:32:17-78
163                android:value="androidx.startup" />
163-->[androidx.lifecycle:lifecycle-process:2.4.0] AndroidManifest.xml:33:17-49
164        </provider>
165
166        <uses-library
166-->[androidx.window:window:1.0.0] AndroidManifest.xml:25:9-27:40
167            android:name="androidx.window.extensions"
167-->[androidx.window:window:1.0.0] AndroidManifest.xml:26:13-54
168            android:required="false" />
168-->[androidx.window:window:1.0.0] AndroidManifest.xml:27:13-37
169        <uses-library
169-->[androidx.window:window:1.0.0] AndroidManifest.xml:28:9-30:40
170            android:name="androidx.window.sidecar"
170-->[androidx.window:window:1.0.0] AndroidManifest.xml:29:13-51
171            android:required="false" />
171-->[androidx.window:window:1.0.0] AndroidManifest.xml:30:13-37
172    </application>
173
174</manifest>